<?xml version="1.0" encoding="UTF-8"?>
<!-- Generated by org.testng.reporters.JUnitXMLReporter -->
<testsuite ignored="0" hostname="yuvaraj" failures="0" tests="3" name="LoginTest" time="128.42" errors="0" timestamp="2024-07-08T15:58:19 IST">
  <testcase classname="generic_project.Baseclass" name="@BeforeMethod IntiliazeBrowser" time="36.43">
    <failure type="org.openqa.selenium.TimeoutException" message="timeout: Timed out receiving message from renderer: 24.003
  (Session info: MicrosoftEdge=109.0.1518.140)
Build info: version: &amp;apos;4.21.0&amp;apos;, revision: &amp;apos;79ed462ef4&amp;apos;
System info: os.name: &amp;apos;Windows 8.1&amp;apos;, os.arch: &amp;apos;amd64&amp;apos;, os.version: &amp;apos;6.3&amp;apos;, java.version: &amp;apos;21.0.2&amp;apos;
Driver info: org.openqa.selenium.edge.EdgeDriver
Command: [8b61ca864dc0736f08e9b2e98b9a296f, get {url=https://www.amazon.in/}]
Capabilities {acceptInsecureCerts: false, browserName: msedge, browserVersion: 109.0.1518.140, ms:edgeOptions: {debuggerAddress: localhost:50923}, msedge: {msedgedriverVersion: 109.0.1518.78 (4e4b32c38163..., userDataDir: C:\Users\yuva\AppData\Local...}, networkConnectionEnabled: false, pageLoadStrategy: normal, platformName: windows, proxy: Proxy(), se:cdp: ws://localhost:50923/devtoo..., se:cdpVersion: 109.0.1518.140, setWindowRect: true, strictFileInteractability: false, timeouts: {implicit: 0, pageLoad: 300000, script: 30000}, unhandledPromptBehavior: dismiss and notify, webauthn:extension:credBlob: true, webauthn:extension:largeBlob: true, webauthn:virtualAuthenticators: true}
Session ID: 8b61ca864dc0736f08e9b2e98b9a296f">
      <![CDATA[org.openqa.selenium.TimeoutException: timeout: Timed out receiving message from renderer: 24.003
  (Session info: MicrosoftEdge=109.0.1518.140)
Build info: version: '4.21.0', revision: '79ed462ef4'
System info: os.name: 'Windows 8.1', os.arch: 'amd64', os.version: '6.3', java.version: '21.0.2'
Driver info: org.openqa.selenium.edge.EdgeDriver
Command: [8b61ca864dc0736f08e9b2e98b9a296f, get {url=https://www.amazon.in/}]
Capabilities {acceptInsecureCerts: false, browserName: msedge, browserVersion: 109.0.1518.140, ms:edgeOptions: {debuggerAddress: localhost:50923}, msedge: {msedgedriverVersion: 109.0.1518.78 (4e4b32c38163..., userDataDir: C:\Users\yuva\AppData\Local...}, networkConnectionEnabled: false, pageLoadStrategy: normal, platformName: windows, proxy: Proxy(), se:cdp: ws://localhost:50923/devtoo..., se:cdpVersion: 109.0.1518.140, setWindowRect: true, strictFileInteractability: false, timeouts: {implicit: 0, pageLoad: 300000, script: 30000}, unhandledPromptBehavior: dismiss and notify, webauthn:extension:credBlob: true, webauthn:extension:largeBlob: true, webauthn:virtualAuthenticators: true}
Session ID: 8b61ca864dc0736f08e9b2e98b9a296f
at org.openqa.selenium.remote.ErrorCodec.decode(ErrorCodec.java:167)
at org.openqa.selenium.remote.codec.w3c.W3CHttpResponseCodec.decode(W3CHttpResponseCodec.java:138)
at org.openqa.selenium.remote.codec.w3c.W3CHttpResponseCodec.decode(W3CHttpResponseCodec.java:50)
at org.openqa.selenium.remote.HttpCommandExecutor.execute(HttpCommandExecutor.java:190)
at org.openqa.selenium.remote.service.DriverCommandExecutor.invokeExecute(DriverCommandExecutor.java:216)
at org.openqa.selenium.remote.service.DriverCommandExecutor.execute(DriverCommandExecutor.java:174)
at org.openqa.selenium.remote.RemoteWebDriver.execute(RemoteWebDriver.java:518)
at org.openqa.selenium.remote.RemoteWebDriver.get(RemoteWebDriver.java:300)
at generic_project.BrowserFactory.startApplication(BrowserFactory.java:41)
at generic_project.Baseclass.IntiliazeBrowser(Baseclass.java:13)
at java.base/java.util.ArrayList.forEach(ArrayList.java:1596)
... Removed 32 stack frames]]>
    </failure>
  </testcase> <!-- @BeforeMethod IntiliazeBrowser -->
  <testcase classname="test.HomepageTest" name="@BeforeMethod setup" time="-1.720434499485E9">
    <skipped/>
  </testcase> <!-- @BeforeMethod setup -->
  <testcase classname="generic_project.Baseclass" name="@AfterMethod tearDown" time="-1.720434499592E9">
    <skipped/>
  </testcase> <!-- @AfterMethod tearDown -->
  <testcase classname="generic_project.Baseclass" name="@BeforeMethod IntiliazeBrowser" time="-1.720434499611E9">
    <skipped/>
  </testcase> <!-- @BeforeMethod IntiliazeBrowser -->
  <testcase classname="test.HomepageTest" name="@BeforeMethod setup" time="-1.720434499618E9">
    <skipped/>
  </testcase> <!-- @BeforeMethod setup -->
  <testcase classname="generic_project.Baseclass" name="@AfterMethod tearDown" time="-1.720434499646E9">
    <skipped/>
  </testcase> <!-- @AfterMethod tearDown -->
  <testcase classname="test.HomepageTest" name="mobileSection" time="60.454"/>
  <testcase classname="test.HomepageTest" name="toMobileSection" time="0.0">
    <skipped/>
  </testcase> <!-- toMobileSection -->
  <testcase classname="test.HomepageTest" name="toSmartMobile" time="0.0">
    <skipped/>
  </testcase> <!-- toSmartMobile -->
</testsuite> <!-- LoginTest -->
